<?xml version="1.0" encoding="UTF-8"?>
<testsuite xmlns:xsi="http://www.w3.org/2001/XMLSchema-instance" xsi:noNamespaceSchemaLocation="https://maven.apache.org/surefire/maven-surefire-plugin/xsd/surefire-test-report.xsd" name="br.com.execHiber.AppTest" time="0.02" tests="1" errors="0" skipped="0" failures="0">
  <properties>
    <property name="sun.desktop" value="windows"/>
    <property name="awt.toolkit" value="sun.awt.windows.WToolkit"/>
    <property name="file.encoding.pkg" value="sun.io"/>
    <property name="java.specification.version" value="1.8"/>
    <property name="sun.cpu.isalist" value="amd64"/>
    <property name="sun.jnu.encoding" value="Cp1252"/>
    <property name="java.class.path" value="C:\Users\Aluno\Desktop\execHiber\execHiber\target\test-classes;C:\Users\Aluno\Desktop\execHiber\execHiber\target\classes;C:\Users\Aluno\.m2\repository\junit\junit\4.11\junit-4.11.jar;C:\Users\Aluno\.m2\repository\org\hamcrest\hamcrest-core\1.3\hamcrest-core-1.3.jar;C:\Users\Aluno\.m2\repository\mysql\mysql-connector-java\5.1.6\mysql-connector-java-5.1.6.jar;C:\Users\Aluno\.m2\repository\org\hibernate\hibernate-core\5.2.17.Final\hibernate-core-5.2.17.Final.jar;C:\Users\Aluno\.m2\repository\org\jboss\logging\jboss-logging\3.3.1.Final\jboss-logging-3.3.1.Final.jar;C:\Users\Aluno\.m2\repository\org\hibernate\javax\persistence\hibernate-jpa-2.1-api\1.0.0.Final\hibernate-jpa-2.1-api-1.0.0.Final.jar;C:\Users\Aluno\.m2\repository\org\javassist\javassist\3.22.0-GA\javassist-3.22.0-GA.jar;C:\Users\Aluno\.m2\repository\antlr\antlr\2.7.7\antlr-2.7.7.jar;C:\Users\Aluno\.m2\repository\org\jboss\spec\javax\transaction\jboss-transaction-api_1.2_spec\1.0.1.Final\jboss-transaction-api_1.2_spec-1.0.1.Final.jar;C:\Users\Aluno\.m2\repository\org\jboss\jandex\2.0.3.Final\jandex-2.0.3.Final.jar;C:\Users\Aluno\.m2\repository\com\fasterxml\classmate\1.3.0\classmate-1.3.0.jar;C:\Users\Aluno\.m2\repository\dom4j\dom4j\1.6.1\dom4j-1.6.1.jar;C:\Users\Aluno\.m2\repository\org\hibernate\common\hibernate-commons-annotations\5.0.1.Final\hibernate-commons-annotations-5.0.1.Final.jar;C:\Users\Aluno\.m2\repository\org\codehaus\mojo\exec-maven-plugin\1.6.0\exec-maven-plugin-1.6.0.jar;C:\Users\Aluno\.m2\repository\org\apache\maven\maven-toolchain\2.2.1\maven-toolchain-2.2.1.jar;C:\Users\Aluno\.m2\repository\org\apache\maven\maven-project\2.2.1\maven-project-2.2.1.jar;C:\Users\Aluno\.m2\repository\org\apache\maven\maven-settings\2.2.1\maven-settings-2.2.1.jar;C:\Users\Aluno\.m2\repository\org\apache\maven\maven-profile\2.2.1\maven-profile-2.2.1.jar;C:\Users\Aluno\.m2\repository\org\apache\maven\maven-plugin-registry\2.2.1\maven-plugin-registry-2.2.1.jar;C:\Users\Aluno\.m2\repository\org\codehaus\plexus\plexus-interpolation\1.11\plexus-interpolation-1.11.jar;C:\Users\Aluno\.m2\repository\org\codehaus\plexus\plexus-container-default\1.0-alpha-9-stable-1\plexus-container-default-1.0-alpha-9-stable-1.jar;C:\Users\Aluno\.m2\repository\org\apache\maven\maven-model\2.2.1\maven-model-2.2.1.jar;C:\Users\Aluno\.m2\repository\org\apache\maven\maven-artifact\2.2.1\maven-artifact-2.2.1.jar;C:\Users\Aluno\.m2\repository\org\apache\maven\maven-artifact-manager\2.2.1\maven-artifact-manager-2.2.1.jar;C:\Users\Aluno\.m2\repository\org\apache\maven\maven-repository-metadata\2.2.1\maven-repository-metadata-2.2.1.jar;C:\Users\Aluno\.m2\repository\org\apache\maven\wagon\wagon-provider-api\1.0-beta-6\wagon-provider-api-1.0-beta-6.jar;C:\Users\Aluno\.m2\repository\backport-util-concurrent\backport-util-concurrent\3.1\backport-util-concurrent-3.1.jar;C:\Users\Aluno\.m2\repository\org\apache\maven\maven-core\2.2.1\maven-core-2.2.1.jar;C:\Users\Aluno\.m2\repository\org\apache\maven\wagon\wagon-file\1.0-beta-6\wagon-file-1.0-beta-6.jar;C:\Users\Aluno\.m2\repository\org\apache\maven\maven-plugin-parameter-documenter\2.2.1\maven-plugin-parameter-documenter-2.2.1.jar;C:\Users\Aluno\.m2\repository\org\apache\maven\wagon\wagon-http-lightweight\1.0-beta-6\wagon-http-lightweight-1.0-beta-6.jar;C:\Users\Aluno\.m2\repository\org\apache\maven\wagon\wagon-http-shared\1.0-beta-6\wagon-http-shared-1.0-beta-6.jar;C:\Users\Aluno\.m2\repository\nekohtml\xercesMinimal\1.9.6.2\xercesMinimal-1.9.6.2.jar;C:\Users\Aluno\.m2\repository\nekohtml\nekohtml\1.9.6.2\nekohtml-1.9.6.2.jar;C:\Users\Aluno\.m2\repository\org\apache\maven\wagon\wagon-http\1.0-beta-6\wagon-http-1.0-beta-6.jar;C:\Users\Aluno\.m2\repository\org\apache\maven\wagon\wagon-webdav-jackrabbit\1.0-beta-6\wagon-webdav-jackrabbit-1.0-beta-6.jar;C:\Users\Aluno\.m2\repository\org\apache\jackrabbit\jackrabbit-webdav\1.5.0\jackrabbit-webdav-1.5.0.jar;C:\Users\Aluno\.m2\repository\org\apache\jackrabbit\jackrabbit-jcr-commons\1.5.0\jackrabbit-jcr-commons-1.5.0.jar;C:\Users\Aluno\.m2\repository\commons-httpclient\commons-httpclient\3.0\commons-httpclient-3.0.jar;C:\Users\Aluno\.m2\repository\commons-codec\commons-codec\1.2\commons-codec-1.2.jar;C:\Users\Aluno\.m2\repository\org\slf4j\slf4j-nop\1.5.3\slf4j-nop-1.5.3.jar;C:\Users\Aluno\.m2\repository\org\slf4j\slf4j-jdk14\1.5.6\slf4j-jdk14-1.5.6.jar;C:\Users\Aluno\.m2\repository\org\slf4j\slf4j-api\1.5.6\slf4j-api-1.5.6.jar;C:\Users\Aluno\.m2\repository\org\slf4j\jcl-over-slf4j\1.5.6\jcl-over-slf4j-1.5.6.jar;C:\Users\Aluno\.m2\repository\org\apache\maven\reporting\maven-reporting-api\2.2.1\maven-reporting-api-2.2.1.jar;C:\Users\Aluno\.m2\repository\org\apache\maven\doxia\doxia-sink-api\1.1\doxia-sink-api-1.1.jar;C:\Users\Aluno\.m2\repository\org\apache\maven\doxia\doxia-logging-api\1.1\doxia-logging-api-1.1.jar;C:\Users\Aluno\.m2\repository\org\apache\maven\maven-error-diagnostics\2.2.1\maven-error-diagnostics-2.2.1.jar;C:\Users\Aluno\.m2\repository\commons-cli\commons-cli\1.2\commons-cli-1.2.jar;C:\Users\Aluno\.m2\repository\org\apache\maven\wagon\wagon-ssh-external\1.0-beta-6\wagon-ssh-external-1.0-beta-6.jar;C:\Users\Aluno\.m2\repository\org\apache\maven\wagon\wagon-ssh-common\1.0-beta-6\wagon-ssh-common-1.0-beta-6.jar;C:\Users\Aluno\.m2\repository\org\apache\maven\maven-plugin-descriptor\2.2.1\maven-plugin-descriptor-2.2.1.jar;C:\Users\Aluno\.m2\repository\org\codehaus\plexus\plexus-interactivity-api\1.0-alpha-4\plexus-interactivity-api-1.0-alpha-4.jar;C:\Users\Aluno\.m2\repository\org\apache\maven\maven-monitor\2.2.1\maven-monitor-2.2.1.jar;C:\Users\Aluno\.m2\repository\org\apache\maven\wagon\wagon-ssh\1.0-beta-6\wagon-ssh-1.0-beta-6.jar;C:\Users\Aluno\.m2\repository\com\jcraft\jsch\0.1.38\jsch-0.1.38.jar;C:\Users\Aluno\.m2\repository\classworlds\classworlds\1.1\classworlds-1.1.jar;C:\Users\Aluno\.m2\repository\org\sonatype\plexus\plexus-sec-dispatcher\1.3\plexus-sec-dispatcher-1.3.jar;C:\Users\Aluno\.m2\repository\org\sonatype\plexus\plexus-cipher\1.4\plexus-cipher-1.4.jar;C:\Users\Aluno\.m2\repository\org\apache\maven\maven-plugin-api\2.2.1\maven-plugin-api-2.2.1.jar;C:\Users\Aluno\.m2\repository\org\codehaus\plexus\plexus-utils\3.0.20\plexus-utils-3.0.20.jar;C:\Users\Aluno\.m2\repository\org\apache\commons\commons-exec\1.3\commons-exec-1.3.jar;"/>
    <property name="java.vm.vendor" value="Oracle Corporation"/>
    <property name="sun.arch.data.model" value="64"/>
    <property name="user.variant" value=""/>
    <property name="java.vendor.url" value="http://java.oracle.com/"/>
    <property name="user.timezone" value=""/>
    <property name="java.vm.specification.version" value="1.8"/>
    <property name="os.name" value="Windows 7"/>
    <property name="user.country" value="BR"/>
    <property name="sun.java.launcher" value="SUN_STANDARD"/>
    <property name="sun.boot.library.path" value="C:\Program Files\Java\jdk1.8.0_151\jre\bin"/>
    <property name="sun.java.command" value="C:\Users\Aluno\AppData\Local\Temp\surefire4507361402400309341\surefirebooter2738899917512169605.jar C:\Users\Aluno\AppData\Local\Temp\surefire4507361402400309341 2018-05-09T21-00-25_442-jvmRun1 surefire7676286205253617476tmp surefire_01230654353060838707tmp"/>
    <property name="surefire.test.class.path" value="C:\Users\Aluno\Desktop\execHiber\execHiber\target\test-classes;C:\Users\Aluno\Desktop\execHiber\execHiber\target\classes;C:\Users\Aluno\.m2\repository\junit\junit\4.11\junit-4.11.jar;C:\Users\Aluno\.m2\repository\org\hamcrest\hamcrest-core\1.3\hamcrest-core-1.3.jar;C:\Users\Aluno\.m2\repository\mysql\mysql-connector-java\5.1.6\mysql-connector-java-5.1.6.jar;C:\Users\Aluno\.m2\repository\org\hibernate\hibernate-core\5.2.17.Final\hibernate-core-5.2.17.Final.jar;C:\Users\Aluno\.m2\repository\org\jboss\logging\jboss-logging\3.3.1.Final\jboss-logging-3.3.1.Final.jar;C:\Users\Aluno\.m2\repository\org\hibernate\javax\persistence\hibernate-jpa-2.1-api\1.0.0.Final\hibernate-jpa-2.1-api-1.0.0.Final.jar;C:\Users\Aluno\.m2\repository\org\javassist\javassist\3.22.0-GA\javassist-3.22.0-GA.jar;C:\Users\Aluno\.m2\repository\antlr\antlr\2.7.7\antlr-2.7.7.jar;C:\Users\Aluno\.m2\repository\org\jboss\spec\javax\transaction\jboss-transaction-api_1.2_spec\1.0.1.Final\jboss-transaction-api_1.2_spec-1.0.1.Final.jar;C:\Users\Aluno\.m2\repository\org\jboss\jandex\2.0.3.Final\jandex-2.0.3.Final.jar;C:\Users\Aluno\.m2\repository\com\fasterxml\classmate\1.3.0\classmate-1.3.0.jar;C:\Users\Aluno\.m2\repository\dom4j\dom4j\1.6.1\dom4j-1.6.1.jar;C:\Users\Aluno\.m2\repository\org\hibernate\common\hibernate-commons-annotations\5.0.1.Final\hibernate-commons-annotations-5.0.1.Final.jar;C:\Users\Aluno\.m2\repository\org\codehaus\mojo\exec-maven-plugin\1.6.0\exec-maven-plugin-1.6.0.jar;C:\Users\Aluno\.m2\repository\org\apache\maven\maven-toolchain\2.2.1\maven-toolchain-2.2.1.jar;C:\Users\Aluno\.m2\repository\org\apache\maven\maven-project\2.2.1\maven-project-2.2.1.jar;C:\Users\Aluno\.m2\repository\org\apache\maven\maven-settings\2.2.1\maven-settings-2.2.1.jar;C:\Users\Aluno\.m2\repository\org\apache\maven\maven-profile\2.2.1\maven-profile-2.2.1.jar;C:\Users\Aluno\.m2\repository\org\apache\maven\maven-plugin-registry\2.2.1\maven-plugin-registry-2.2.1.jar;C:\Users\Aluno\.m2\repository\org\codehaus\plexus\plexus-interpolation\1.11\plexus-interpolation-1.11.jar;C:\Users\Aluno\.m2\repository\org\codehaus\plexus\plexus-container-default\1.0-alpha-9-stable-1\plexus-container-default-1.0-alpha-9-stable-1.jar;C:\Users\Aluno\.m2\repository\org\apache\maven\maven-model\2.2.1\maven-model-2.2.1.jar;C:\Users\Aluno\.m2\repository\org\apache\maven\maven-artifact\2.2.1\maven-artifact-2.2.1.jar;C:\Users\Aluno\.m2\repository\org\apache\maven\maven-artifact-manager\2.2.1\maven-artifact-manager-2.2.1.jar;C:\Users\Aluno\.m2\repository\org\apache\maven\maven-repository-metadata\2.2.1\maven-repository-metadata-2.2.1.jar;C:\Users\Aluno\.m2\repository\org\apache\maven\wagon\wagon-provider-api\1.0-beta-6\wagon-provider-api-1.0-beta-6.jar;C:\Users\Aluno\.m2\repository\backport-util-concurrent\backport-util-concurrent\3.1\backport-util-concurrent-3.1.jar;C:\Users\Aluno\.m2\repository\org\apache\maven\maven-core\2.2.1\maven-core-2.2.1.jar;C:\Users\Aluno\.m2\repository\org\apache\maven\wagon\wagon-file\1.0-beta-6\wagon-file-1.0-beta-6.jar;C:\Users\Aluno\.m2\repository\org\apache\maven\maven-plugin-parameter-documenter\2.2.1\maven-plugin-parameter-documenter-2.2.1.jar;C:\Users\Aluno\.m2\repository\org\apache\maven\wagon\wagon-http-lightweight\1.0-beta-6\wagon-http-lightweight-1.0-beta-6.jar;C:\Users\Aluno\.m2\repository\org\apache\maven\wagon\wagon-http-shared\1.0-beta-6\wagon-http-shared-1.0-beta-6.jar;C:\Users\Aluno\.m2\repository\nekohtml\xercesMinimal\1.9.6.2\xercesMinimal-1.9.6.2.jar;C:\Users\Aluno\.m2\repository\nekohtml\nekohtml\1.9.6.2\nekohtml-1.9.6.2.jar;C:\Users\Aluno\.m2\repository\org\apache\maven\wagon\wagon-http\1.0-beta-6\wagon-http-1.0-beta-6.jar;C:\Users\Aluno\.m2\repository\org\apache\maven\wagon\wagon-webdav-jackrabbit\1.0-beta-6\wagon-webdav-jackrabbit-1.0-beta-6.jar;C:\Users\Aluno\.m2\repository\org\apache\jackrabbit\jackrabbit-webdav\1.5.0\jackrabbit-webdav-1.5.0.jar;C:\Users\Aluno\.m2\repository\org\apache\jackrabbit\jackrabbit-jcr-commons\1.5.0\jackrabbit-jcr-commons-1.5.0.jar;C:\Users\Aluno\.m2\repository\commons-httpclient\commons-httpclient\3.0\commons-httpclient-3.0.jar;C:\Users\Aluno\.m2\repository\commons-codec\commons-codec\1.2\commons-codec-1.2.jar;C:\Users\Aluno\.m2\repository\org\slf4j\slf4j-nop\1.5.3\slf4j-nop-1.5.3.jar;C:\Users\Aluno\.m2\repository\org\slf4j\slf4j-jdk14\1.5.6\slf4j-jdk14-1.5.6.jar;C:\Users\Aluno\.m2\repository\org\slf4j\slf4j-api\1.5.6\slf4j-api-1.5.6.jar;C:\Users\Aluno\.m2\repository\org\slf4j\jcl-over-slf4j\1.5.6\jcl-over-slf4j-1.5.6.jar;C:\Users\Aluno\.m2\repository\org\apache\maven\reporting\maven-reporting-api\2.2.1\maven-reporting-api-2.2.1.jar;C:\Users\Aluno\.m2\repository\org\apache\maven\doxia\doxia-sink-api\1.1\doxia-sink-api-1.1.jar;C:\Users\Aluno\.m2\repository\org\apache\maven\doxia\doxia-logging-api\1.1\doxia-logging-api-1.1.jar;C:\Users\Aluno\.m2\repository\org\apache\maven\maven-error-diagnostics\2.2.1\maven-error-diagnostics-2.2.1.jar;C:\Users\Aluno\.m2\repository\commons-cli\commons-cli\1.2\commons-cli-1.2.jar;C:\Users\Aluno\.m2\repository\org\apache\maven\wagon\wagon-ssh-external\1.0-beta-6\wagon-ssh-external-1.0-beta-6.jar;C:\Users\Aluno\.m2\repository\org\apache\maven\wagon\wagon-ssh-common\1.0-beta-6\wagon-ssh-common-1.0-beta-6.jar;C:\Users\Aluno\.m2\repository\org\apache\maven\maven-plugin-descriptor\2.2.1\maven-plugin-descriptor-2.2.1.jar;C:\Users\Aluno\.m2\repository\org\codehaus\plexus\plexus-interactivity-api\1.0-alpha-4\plexus-interactivity-api-1.0-alpha-4.jar;C:\Users\Aluno\.m2\repository\org\apache\maven\maven-monitor\2.2.1\maven-monitor-2.2.1.jar;C:\Users\Aluno\.m2\repository\org\apache\maven\wagon\wagon-ssh\1.0-beta-6\wagon-ssh-1.0-beta-6.jar;C:\Users\Aluno\.m2\repository\com\jcraft\jsch\0.1.38\jsch-0.1.38.jar;C:\Users\Aluno\.m2\repository\classworlds\classworlds\1.1\classworlds-1.1.jar;C:\Users\Aluno\.m2\repository\org\sonatype\plexus\plexus-sec-dispatcher\1.3\plexus-sec-dispatcher-1.3.jar;C:\Users\Aluno\.m2\repository\org\sonatype\plexus\plexus-cipher\1.4\plexus-cipher-1.4.jar;C:\Users\Aluno\.m2\repository\org\apache\maven\maven-plugin-api\2.2.1\maven-plugin-api-2.2.1.jar;C:\Users\Aluno\.m2\repository\org\codehaus\plexus\plexus-utils\3.0.20\plexus-utils-3.0.20.jar;C:\Users\Aluno\.m2\repository\org\apache\commons\commons-exec\1.3\commons-exec-1.3.jar;"/>
    <property name="sun.cpu.endian" value="little"/>
    <property name="user.home" value="C:\Users\Aluno"/>
    <property name="user.language" value="pt"/>
    <property name="java.specification.vendor" value="Oracle Corporation"/>
    <property name="java.home" value="C:\Program Files\Java\jdk1.8.0_151\jre"/>
    <property name="basedir" value="C:\Users\Aluno\Desktop\execHiber\execHiber"/>
    <property name="file.separator" value="\"/>
    <property name="line.separator" value="&#10;"/>
    <property name="java.vm.specification.vendor" value="Oracle Corporation"/>
    <property name="java.specification.name" value="Java Platform API Specification"/>
    <property name="java.awt.graphicsenv" value="sun.awt.Win32GraphicsEnvironment"/>
    <property name="surefire.real.class.path" value="C:\Users\Aluno\AppData\Local\Temp\surefire4507361402400309341\surefirebooter2738899917512169605.jar"/>
    <property name="sun.boot.class.path" value="C:\Program Files\Java\jdk1.8.0_151\jre\lib\resources.jar;C:\Program Files\Java\jdk1.8.0_151\jre\lib\rt.jar;C:\Program Files\Java\jdk1.8.0_151\jre\lib\sunrsasign.jar;C:\Program Files\Java\jdk1.8.0_151\jre\lib\jsse.jar;C:\Program Files\Java\jdk1.8.0_151\jre\lib\jce.jar;C:\Program Files\Java\jdk1.8.0_151\jre\lib\charsets.jar;C:\Program Files\Java\jdk1.8.0_151\jre\lib\jfr.jar;C:\Program Files\Java\jdk1.8.0_151\jre\classes"/>
    <property name="user.script" value=""/>
    <property name="sun.management.compiler" value="HotSpot 64-Bit Tiered Compilers"/>
    <property name="java.runtime.version" value="1.8.0_151-b12"/>
    <property name="user.name" value="Aluno"/>
    <property name="path.separator" value=";"/>
    <property name="os.version" value="6.1"/>
    <property name="java.endorsed.dirs" value="C:\Program Files\Java\jdk1.8.0_151\jre\lib\endorsed"/>
    <property name="java.runtime.name" value="Java(TM) SE Runtime Environment"/>
    <property name="file.encoding" value="Cp1252"/>
    <property name="java.vm.name" value="Java HotSpot(TM) 64-Bit Server VM"/>
    <property name="localRepository" value="C:\Users\Aluno\.m2\repository"/>
    <property name="java.vendor.url.bug" value="http://bugreport.sun.com/bugreport/"/>
    <property name="java.io.tmpdir" value="C:\Users\Aluno\AppData\Local\Temp\"/>
    <property name="java.version" value="1.8.0_151"/>
    <property name="user.dir" value="C:\Users\Aluno\Desktop\execHiber\execHiber"/>
    <property name="os.arch" value="amd64"/>
    <property name="java.vm.specification.name" value="Java Virtual Machine Specification"/>
    <property name="java.awt.printerjob" value="sun.awt.windows.WPrinterJob"/>
    <property name="sun.os.patch.level" value="Service Pack 1"/>
    <property name="java.library.path" value="C:\Program Files\Java\jdk1.8.0_151\jre\bin;C:\Windows\Sun\Java\bin;C:\Windows\system32;C:\Windows;C:/Program Files/Java/jre1.8.0_151/bin/server;C:/Program Files/Java/jre1.8.0_151/bin;C:/Program Files/Java/jre1.8.0_151/lib/amd64;C:\Program Files (x86)\Intel\iCLS Client\;C:\Program Files\Intel\iCLS Client\;C:\ProgramData\Oracle\Java\javapath;C:\Windows\system32;C:\Windows;C:\Windows\System32\Wbem;C:\Windows\System32\WindowsPowerShell\v1.0\;c:\Program Files (x86)\Microsoft SQL Server\100\Tools\Binn\;c:\Program Files\Microsoft SQL Server\100\Tools\Binn\;c:\Program Files\Microsoft SQL Server\100\DTS\Binn\;c:\Program Files (x86)\Microsoft SQL Server\100\Tools\Binn\VSShell\Common7\IDE\;c:\Program Files (x86)\Microsoft SQL Server\100\DTS\Binn\;C:\Program Files\nodejs\;C:\Users\Aluno\gradle-4.4.1-bin\gradle-4.4.1\bin;%ANDROID_HOME%\platform-tools;%ANDROID_HOME%\tools\bin;%ANDROID_HOME%\tools;C:\Program Files\Notepad++;C:\Users\Aluno\apache-maven-3.5.2/bin;C:\Program Files (x86)\Intel\UCRT\;C:\Program Files\Intel\UCRT\;C:\Program Files (x86)\Intel\Intel(R) Management Engine Components\DAL;C:\Program Files\Intel\Intel(R) Management Engine Components\DAL;C:\Program Files (x86)\Intel\Intel(R) Management Engine Components\IPT;C:\Program Files\Intel\Intel(R) Management Engine Components\IPT;C:\ProgramData\Oracle\Java\javapath;C:\Windows\system32;C:\Windows;C:\Windows\System32\Wbem;C:\Windows\System32\WindowsPowerShell\v1.0\;c:\Program Files (x86)\Microsoft SQL Server\100\Tools\Binn\;c:\Program Files\Microsoft SQL Server\100\Tools\Binn\;c:\Program Files\Microsoft SQL Server\100\DTS\Binn\;c:\Program Files (x86)\Microsoft SQL Server\100\Tools\Binn\VSShell\Common7\IDE\;c:\Program Files (x86)\Microsoft SQL Server\100\DTS\Binn\;C:\Users\Aluno\AppData\Local\Programs\Git\cmd;C:\Users\Aluno\AppData\Roaming\npm;C:\Users\Aluno\Desktop;;."/>
    <property name="java.vm.info" value="mixed mode"/>
    <property name="java.vendor" value="Oracle Corporation"/>
    <property name="java.vm.version" value="25.151-b12"/>
    <property name="java.ext.dirs" value="C:\Program Files\Java\jdk1.8.0_151\jre\lib\ext;C:\Windows\Sun\Java\lib\ext"/>
    <property name="sun.io.unicode.encoding" value="UnicodeLittle"/>
    <property name="java.class.version" value="52.0"/>
  </properties>
  <testcase name="shouldAnswerWithTrue" classname="br.com.execHiber.AppTest" time="0.001"/>
</testsuite>